<?xml version="1.0" encoding="UTF-8"?>
<testsuite xmlns:xsi="http://www.w3.org/2001/XMLSchema-instance" xsi:noNamespaceSchemaLocation="https://maven.apache.org/surefire/maven-surefire-plugin/xsd/surefire-test-report.xsd" version="3.0.2" name="com.settlement.AppTest" time="0.026" tests="5" errors="0" skipped="0" failures="0">
  <properties>
[...]
</properties>
  <testcase name="exitCode1ForMissingDate" classname="com.settlement.AppTest" time="0.012">
    <system-out><![CDATA[结算日期倒推工具

用法: java -jar settlement-calendar.jar --date <日期> --rule <规则> [--refresh]

参数:
  --date, -d    生息日期 (yyyy-MM-dd)
  --rule, -r    结算规则 (T1 / T2 / T3)
  --refresh     强制刷新交易日历缓存
  --help, -h    显示帮助

示例:
  java -jar settlement-calendar.jar --date 2026-05-25 --rule T1
  java -jar settlement-calendar.jar -d 2026-05-25 -r T2 --refresh

日历缓存路径: ~/.settlement/calendar-{year}.json

]]></system-out>
    <system-err><![CDATA[错误: 缺少必要参数 --date 和 --rule
]]></system-err>
  </testcase>
  <testcase name="exitCode1ForMissingRule" classname="com.settlement.AppTest" time="0.0">
    <system-out><![CDATA[结算日期倒推工具

用法: java -jar settlement-calendar.jar --date <日期> --rule <规则> [--refresh]

参数:
  --date, -d    生息日期 (yyyy-MM-dd)
  --rule, -r    结算规则 (T1 / T2 / T3)
  --refresh     强制刷新交易日历缓存
  --help, -h    显示帮助

示例:
  java -jar settlement-calendar.jar --date 2026-05-25 --rule T1
  java -jar settlement-calendar.jar -d 2026-05-25 -r T2 --refresh

日历缓存路径: ~/.settlement/calendar-{year}.json

]]></system-out>
    <system-err><![CDATA[错误: 缺少必要参数 --date 和 --rule
]]></system-err>
  </testcase>
  <testcase name="exitCode1ForInvalidRule" classname="com.settlement.AppTest" time="0.003">
    <system-err><![CDATA[错误: 规则无效，可选 T1/T2/T3，收到: T4
]]></system-err>
  </testcase>
  <testcase name="exitCode0ForHelpFlag" classname="com.settlement.AppTest" time="0.001">
    <system-out><![CDATA[结算日期倒推工具

用法: java -jar settlement-calendar.jar --date <日期> --rule <规则> [--refresh]

参数:
  --date, -d    生息日期 (yyyy-MM-dd)
  --rule, -r    结算规则 (T1 / T2 / T3)
  --refresh     强制刷新交易日历缓存
  --help, -h    显示帮助

示例:
  java -jar settlement-calendar.jar --date 2026-05-25 --rule T1
  java -jar settlement-calendar.jar -d 2026-05-25 -r T2 --refresh

日历缓存路径: ~/.settlement/calendar-{year}.json

]]></system-out>
  </testcase>
  <testcase name="exitCode1ForInvalidDateFormat" classname="com.settlement.AppTest" time="0.0">
    <system-err><![CDATA[错误: 日期格式无效，应为 yyyy-MM-dd
]]></system-err>
  </testcase>
</testsuite>